<?xml version="1.0" encoding="UTF-8"?>
<!-- Generated by org.testng.reporters.JUnitReportReporter -->
<testsuite skipped="0" hostname="Administrators-MacBook-Pro-9.local" name="com.qa.freecrm.tests.LoginTest" tests="2" failures="0" timestamp="04 Sep 2018 02:59:12 GMT" time="17.560" errors="0">
  <testcase name="loginPageTitleTest" time="6.840" classname="com.qa.freecrm.tests.LoginTest"/>
  <testcase name="freeCrmLoginTest" time="10.720" classname="com.qa.freecrm.tests.LoginTest"/>
</testsuite> <!-- com.qa.freecrm.tests.LoginTest -->
