<?xml version="1.0" encoding="UTF-8"?>
<!-- Generated by org.testng.reporters.JUnitReportReporter -->
<testsuite skipped="0" hostname="Administrators-MacBook-Pro-9.local" name="com.qa.freecrm.tests.HomePageTest" tests="3" failures="0" timestamp="04 Sep 2018 02:59:12 GMT" time="42.594" errors="0">
  <testcase name="verifyHomePageTitleTest" time="10.920" classname="com.qa.freecrm.tests.HomePageTest"/>
  <testcase name="verifyContactInformationPageTest" time="14.162" classname="com.qa.freecrm.tests.HomePageTest"/>
  <testcase name="createNewContactTest" time="17.512" classname="com.qa.freecrm.tests.HomePageTest"/>
</testsuite> <!-- com.qa.freecrm.tests.HomePageTest -->
